
  Dropping all tables  263.26ms DONE

   INFO  Preparing database.  

  Creating migration table  93.71ms DONE

   INFO  Running migrations.  

  0001_01_01_000000_create_users_table  231.38ms DONE
  0001_01_01_000001_create_cache_table  178.58ms DONE
  0001_01_01_000002_create_jobs_table  184.26ms DONE
  2025_08_14_170933_add_two_factor_columns_to_users_table  95.13ms DONE
  2026_02_23_020549_create_empresas_table  48.08ms DONE
  2026_02_23_020552_create_areas_table  73.45ms DONE
  2026_02_23_020554_create_departamentos_table  84.47ms DONE
  2026_02_23_020556_add_department_id_and_role_to_users_table  105.82ms DONE
  2026_02_23_020559_create_habilidads_table  78.44ms DONE
  2026_02_23_020602_create_cdcs_table  60.70ms DONE
  2026_02_23_020605_create_categorias_table  47.51ms DONE
  2026_02_23_020612_create_cursos_table  97.06ms DONE
  2026_02_23_020614_create_estado_curso_table  47.61ms DONE
  2026_02_23_020617_create_cursos_users_table  137.14ms DONE
  2026_02_23_020620_create_capacitaciones_table  96.66ms DONE
  2026_02_23_022045_create_personal_access_tokens_table  130.28ms DONE
  2026_02_23_031729_add_cargo_and_area_to_users_table  77.77ms DONE
  2026_02_23_125222_create_presupuestos_table  68.51ms DONE
  2026_02_23_125230_create_proveedors_table  63.33ms DONE
  2026_02_23_125236_create_modalidads_table  46.74ms DONE
  2026_02_24_111932_create_programas_asociados_table  53.83ms DONE
  2026_02_24_111951_add_programa_asociado_and_publicado_to_cursos_table  97.67ms DONE
  2026_02_24_125043_add_proveedor_id_to_cursos_table  75.58ms DONE
  2026_02_24_133706_add_descripcion_to_proveedors_table  61.00ms DONE
  2026_02_25_150000_drop_capacitaciones_table  66.67ms DONE
  2026_02_25_150001_create_cursos_tipos_table  51.65ms DONE
  2026_02_25_150002_update_modalidads_table_columns  327.80ms DONE
  2026_02_25_150003_update_presupuestos_table_columns  208.93ms DONE
  2026_02_25_150004_update_cursos_table_add_new_fields  298.99ms DONE
  2026_02_25_150005_update_cursos_users_table_add_presupuesto  67.88ms DONE
  2026_02_26_000001_add_departamento_to_cdcs_table  71.37ms DONE
  2026_02_26_000002_update_presupuestos_add_inicial_actual  409.05ms DONE
  2026_02_26_134619_add_deleted_at_to_admin_tables  289.67ms DONE
  2026_02_26_154554_add_ad_fields_to_users_table  292.05ms DONE
  2026_02_26_183504_make_id_empresa_nullable_in_areas_table  94.25ms DONE
  2026_02_26_183621_make_id_area_nullable_in_departamentos_table  97.76ms DONE
  2026_02_27_151610_create_cdc_curso_table  145.95ms DONE
  2026_03_02_180000_add_descripcion_to_presupuestos  64.59ms DONE
  2026_03_02_184000_create_presupuesto_grupos_table  137.40ms DONE
  2026_03_02_185000_change_cursos_presupuesto_to_group  34.24ms FAIL

   Illuminate\Database\QueryException 

  SQLSTATE[42000]: [Microsoft][ODBC Driver 17 for SQL Server][SQL Server]'cursos_id_presupuesto_foreign' is not a constraint. (Connection: sqlsrv, Host: 10.128.225.6, Port: 1433, Database: Capacitaciones, SQL: alter table "cursos" drop constraint "cursos_id_presupuesto_foreign")

  at vendor\laravel\framework\src\Illuminate\Database\Connection.php:838
    834▕             $exceptionType = $this->isUniqueConstraintError($e)
    835▕                 ? UniqueConstraintViolationException::class
    836▕                 : QueryException::class;
    837▕ 
  ➜ 838▕             throw new $exceptionType(
    839▕                 $this->getNameWithReadWriteType(),
    840▕                 $query,
    841▕                 $this->prepareBindings($bindings),
    842▕                 $e,

  1   vendor\laravel\framework\src\Illuminate\Database\Connection.php:584
      PDOException::("SQLSTATE[42000]: [Microsoft][ODBC Driver 17 for SQL Server][SQL Server]'cursos_id_presupuesto_foreign' is not a constraint.")

  2   vendor\laravel\framework\src\Illuminate\Database\Connection.php:584
      PDOStatement::execute()

  3   vendor\laravel\framework\src\Illuminate\Database\Connection.php:827
      Illuminate\Database\Connection::Illuminate\Database\{closure}()

  4   vendor\laravel\framework\src\Illuminate\Database\Connection.php:794
      Illuminate\Database\Connection::runQueryCallback()

  5   vendor\laravel\framework\src\Illuminate\Database\Connection.php:573
      Illuminate\Database\Connection::run()

  6   vendor\laravel\framework\src\Illuminate\Database\Schema\Blueprint.php:121
      Illuminate\Database\Connection::statement()

  7   vendor\laravel\framework\src\Illuminate\Database\Schema\Builder.php:686
      Illuminate\Database\Schema\Blueprint::build()

  8   vendor\laravel\framework\src\Illuminate\Database\Schema\Builder.php:494
      Illuminate\Database\Schema\Builder::build()

  9   vendor\laravel\framework\src\Illuminate\Support\Facades\Facade.php:363
      Illuminate\Database\Schema\Builder::table()

  10  database\migrations\2026_03_02_185000_change_cursos_presupuesto_to_group.php:11
      Illuminate\Support\Facades\Facade::__callStatic()

  11  vendor\laravel\framework\src\Illuminate\Database\Migrations\Migrator.php:517
      Illuminate\Database\Migrations\Migration@anonymous\C:\www\capacitaciones2\database\migrations\2026_03_02_185000_change_cursos_presupuesto_to_group.php:7$16d::up()

  12  vendor\laravel\framework\src\Illuminate\Database\Migrations\Migrator.php:442
      Illuminate\Database\Migrations\Migrator::runMethod()

  13  vendor\laravel\framework\src\Illuminate\Database\Concerns\ManagesTransactions.php:35
      Illuminate\Database\Migrations\Migrator::Illuminate\Database\Migrations\{closure}()

  14  vendor\laravel\framework\src\Illuminate\Database\SqlServerConnection.php:38
      Illuminate\Database\Connection::transaction()

  15  vendor\laravel\framework\src\Illuminate\Database\Migrations\Migrator.php:450
      Illuminate\Database\SqlServerConnection::transaction()

  16  vendor\laravel\framework\src\Illuminate\Database\Migrations\Migrator.php:253
      Illuminate\Database\Migrations\Migrator::runMigration()

  17  vendor\laravel\framework\src\Illuminate\Console\View\Components\Task.php:41
      Illuminate\Database\Migrations\Migrator::Illuminate\Database\Migrations\{closure}()

  18  vendor\laravel\framework\src\Illuminate\Database\Migrations\Migrator.php:814
      Illuminate\Console\View\Components\Task::render()

  19  vendor\laravel\framework\src\Illuminate\Database\Migrations\Migrator.php:253
      Illuminate\Database\Migrations\Migrator::write()

  20  vendor\laravel\framework\src\Illuminate\Database\Migrations\Migrator.php:211
      Illuminate\Database\Migrations\Migrator::runUp()

  21  vendor\laravel\framework\src\Illuminate\Database\Migrations\Migrator.php:138
      Illuminate\Database\Migrations\Migrator::runPending()

  22  vendor\laravel\framework\src\Illuminate\Database\Console\Migrations\MigrateCommand.php:116
      Illuminate\Database\Migrations\Migrator::run()

  23  vendor\laravel\framework\src\Illuminate\Database\Migrations\Migrator.php:671
      Illuminate\Database\Console\Migrations\MigrateCommand::Illuminate\Database\Console\Migrations\{closure}()

  24  vendor\laravel\framework\src\Illuminate\Database\Console\Migrations\MigrateCommand.php:109
      Illuminate\Database\Migrations\Migrator::usingConnection()

  25  vendor\laravel\framework\src\Illuminate\Database\Console\Migrations\MigrateCommand.php:88
      Illuminate\Database\Console\Migrations\MigrateCommand::runMigrations()

  26  vendor\laravel\framework\src\Illuminate\Container\BoundMethod.php:36
      Illuminate\Database\Console\Migrations\MigrateCommand::handle()

  27  vendor\laravel\framework\src\Illuminate\Container\Util.php:43
      Illuminate\Container\BoundMethod::Illuminate\Container\{closure}()

  28  vendor\laravel\framework\src\Illuminate\Container\BoundMethod.php:96
      Illuminate\Container\Util::unwrapIfClosure()

  29  vendor\laravel\framework\src\Illuminate\Container\BoundMethod.php:35
      Illuminate\Container\BoundMethod::callBoundMethod()

  30  vendor\laravel\framework\src\Illuminate\Container\Container.php:799
      Illuminate\Container\BoundMethod::call()

  31  vendor\laravel\framework\src\Illuminate\Console\Command.php:211
      Illuminate\Container\Container::call()

  32  vendor\symfony\console\Command\Command.php:341
      Illuminate\Console\Command::execute()

  33  vendor\laravel\framework\src\Illuminate\Console\Command.php:180
      Symfony\Component\Console\Command\Command::run()

  34  vendor\laravel\framework\src\Illuminate\Console\Concerns\CallsCommands.php:68
      Illuminate\Console\Command::run()

  35  vendor\laravel\framework\src\Illuminate\Console\Concerns\CallsCommands.php:29
      Illuminate\Console\Command::runCommand()

  36  vendor\laravel\framework\src\Illuminate\Database\Console\Migrations\FreshCommand.php:81
      Illuminate\Console\Command::call()

  37  vendor\laravel\framework\src\Illuminate\Container\BoundMethod.php:36
      Illuminate\Database\Console\Migrations\FreshCommand::handle()

  38  vendor\laravel\framework\src\Illuminate\Container\Util.php:43
      Illuminate\Container\BoundMethod::Illuminate\Container\{closure}()

  39  vendor\laravel\framework\src\Illuminate\Container\BoundMethod.php:96
      Illuminate\Container\Util::unwrapIfClosure()

  40  vendor\laravel\framework\src\Illuminate\Container\BoundMethod.php:35
      Illuminate\Container\BoundMethod::callBoundMethod()

  41  vendor\laravel\framework\src\Illuminate\Container\Container.php:799
      Illuminate\Container\BoundMethod::call()

  42  vendor\laravel\framework\src\Illuminate\Console\Command.php:211
      Illuminate\Container\Container::call()

  43  vendor\symfony\console\Command\Command.php:341
      Illuminate\Console\Command::execute()

  44  vendor\laravel\framework\src\Illuminate\Console\Command.php:180
      Symfony\Component\Console\Command\Command::run()

  45  vendor\symfony\console\Application.php:1102
      Illuminate\Console\Command::run()

  46  vendor\symfony\console\Application.php:356
      Symfony\Component\Console\Application::doRunCommand()

  47  vendor\symfony\console\Application.php:195
      Symfony\Component\Console\Application::doRun()

  48  vendor\laravel\framework\src\Illuminate\Foundation\Console\Kernel.php:198
      Symfony\Component\Console\Application::run()

  49  vendor\laravel\framework\src\Illuminate\Foundation\Application.php:1235
      Illuminate\Foundation\Console\Kernel::handle()

  50  artisan:16
      Illuminate\Foundation\Application::handleCommand()

